<?xml version="1.0" encoding="utf-8"?><testsuites name="pytest tests"><testsuite name="pytest" errors="0" failures="0" skipped="0" tests="6" time="20.172" timestamp="2026-09-19T11:44:33.606511+00:00" hostname="agent-env-ae528246-117f-4c22-b326-18916580ffd8"><testcase classname="tests.test_translate" name="test_root_message" time="0.190" /><testcase classname="tests.test_translate" name="test_translate_auto_to_turkish" time="4.023" /><testcase classname="tests.test_translate" name="test_translate_auto_to_japanese" time="3.917" /><testcase classname="tests.test_translate" name="test_translate_auto_to_russian" time="4.405" /><testcase classname="tests.test_translate" name="test_translate_manual_source_en" time="4.462" /><testcase classname="tests.test_translate" name="test_translate_no_text_returns_empty" time="2.845" /></testsuite></testsuites>